Starting a Gradle Daemon, 67 busy and 1 incompatible and 16 stopped Daemons could not be reused, use --status for details
> Task :compileJava UP-TO-DATE
> Task :processResources UP-TO-DATE
> Task :classes UP-TO-DATE
> Task :resolveMainClassName UP-TO-DATE

> Task :bootRun

  .   ____          _            __ _ _
 /\\ / ___'_ __ _ _(_)_ __  __ _ \ \ \ \
( ( )\___ | '_ | '_| | '_ \/ _` | \ \ \ \
 \\/  ___)| |_)| | | | | || (_| |  ) ) ) )
  '  |____| .__|_| |_|_| |_\__, | / / / /
 =========|_|==============|___/=/_/_/_/
 :: Spring Boot ::                (v3.2.3)

2025-05-20T19:40:48.143+03:00  INFO 18800 --- [auth-service] [           main] com.celebrating.auth.AuthApplication     : Starting AuthApplication using Java 17.0.15 with PID 18800 (C:\Users\User\Documents\springprojects\celebrating-microservices-main\auth-service\build\classes\java\main started by User in C:\Users\User\Documents\springprojects\celebrating-microservices-main\auth-service)
2025-05-20T19:40:48.155+03:00  INFO 18800 --- [auth-service] [           main] com.celebrating.auth.AuthApplication     : No active profile set, falling back to 1 default profile: "default"
2025-05-20T19:40:48.378+03:00  INFO 18800 --- [auth-service] [           main] o.s.c.c.c.ConfigServerConfigDataLoader   : Fetching config from server at : http://localhost:8888
2025-05-20T19:40:48.379+03:00  INFO 18800 --- [auth-service] [           main] o.s.c.c.c.ConfigServerConfigDataLoader   : Located environment: name=auth-service, profiles=[default], label=null, version=7d9debef0b793ff4c2edd0e4e74d87ed7f951d0a, state=null
2025-05-20T19:40:48.382+03:00  INFO 18800 --- [auth-service] [           main] o.s.c.c.c.ConfigServerConfigDataLoader   : Fetching config from server at : http://localhost:8888
2025-05-20T19:40:48.382+03:00  INFO 18800 --- [auth-service] [           main] o.s.c.c.c.ConfigServerConfigDataLoader   : Located environment: name=auth-service, profiles=[default], label=null, version=7d9debef0b793ff4c2edd0e4e74d87ed7f951d0a, state=null
2025-05-20T19:40:53.599+03:00  INFO 18800 --- [auth-service] [           main] .s.d.r.c.RepositoryConfigurationDelegate : Bootstrapping Spring Data JPA repositories in DEFAULT mode.
2025-05-20T19:40:54.405+03:00  INFO 18800 --- [auth-service] [           main] .s.d.r.c.RepositoryConfigurationDelegate : Finished Spring Data repository scanning in 775 ms. Found 1 JPA repository interface.
2025-05-20T19:40:55.551+03:00  INFO 18800 --- [auth-service] [           main] o.s.cloud.context.scope.GenericScope     : BeanFactory id=a785105c-eb23-39d4-800e-6628b0cc2b7e
2025-05-20T19:40:56.144+03:00  WARN 18800 --- [auth-service] [           main] trationDelegate$BeanPostProcessorChecker : Bean 'org.springframework.cloud.client.loadbalancer.LoadBalancerAutoConfiguration$LoadBalancerInterceptorConfig' of type [org.springframework.cloud.client.loadbalancer.LoadBalancerAutoConfiguration$LoadBalancerInterceptorConfig] is not eligible for getting processed by all BeanPostProcessors (for example: not eligible for auto-proxying). The currently created BeanPostProcessor [lbRestClientPostProcessor] is declared through a non-static factory method on that class; consider declaring it as static instead.
2025-05-20T19:40:56.150+03:00  WARN 18800 --- [auth-service] [           main] trationDelegate$BeanPostProcessorChecker : Bean 'org.springframework.cloud.loadbalancer.config.BlockingLoadBalancerClientAutoConfiguration' of type [org.springframework.cloud.loadbalancer.config.BlockingLoadBalancerClientAutoConfiguration] is not eligible for getting processed by all BeanPostProcessors (for example: not eligible for auto-proxying). Is this bean getting eagerly injected into a currently created BeanPostProcessor [lbRestClientPostProcessor]? Check the corresponding BeanPostProcessor declaration and its dependencies.
2025-05-20T19:40:56.155+03:00  WARN 18800 --- [auth-service] [           main] trationDelegate$BeanPostProcessorChecker : Bean 'org.springframework.cloud.loadbalancer.config.LoadBalancerAutoConfiguration' of type [org.springframework.cloud.loadbalancer.config.LoadBalancerAutoConfiguration] is not eligible for getting processed by all BeanPostProcessors (for example: not eligible for auto-proxying). Is this bean getting eagerly injected into a currently created BeanPostProcessor [lbRestClientPostProcessor]? Check the corresponding BeanPostProcessor declaration and its dependencies.
2025-05-20T19:40:56.187+03:00  WARN 18800 --- [auth-service] [           main] trationDelegate$BeanPostProcessorChecker : Bean 'org.springframework.cloud.commons.config.CommonsConfigAutoConfiguration' of type [org.springframework.cloud.commons.config.CommonsConfigAutoConfiguration] is not eligible for getting processed by all BeanPostProcessors (for example: not eligible for auto-proxying). Is this bean getting eagerly injected into a currently created BeanPostProcessor [lbRestClientPostProcessor]? Check the corresponding BeanPostProcessor declaration and its dependencies.
2025-05-20T19:40:56.194+03:00  WARN 18800 --- [auth-service] [           main] trationDelegate$BeanPostProcessorChecker : Bean 'org.springframework.cloud.client.loadbalancer.LoadBalancerDefaultMappingsProviderAutoConfiguration' of type [org.springframework.cloud.client.loadbalancer.LoadBalancerDefaultMappingsProviderAutoConfiguration] is not eligible for getting processed by all BeanPostProcessors (for example: not eligible for auto-proxying). Is this bean getting eagerly injected into a currently created BeanPostProcessor [lbRestClientPostProcessor]? Check the corresponding BeanPostProcessor declaration and its dependencies.
2025-05-20T19:40:56.196+03:00  WARN 18800 --- [auth-service] [           main] trationDelegate$BeanPostProcessorChecker : Bean 'loadBalancerClientsDefaultsMappingsProvider' of type [org.springframework.cloud.client.loadbalancer.LoadBalancerDefaultMappingsProviderAutoConfiguration$$Lambda$660/0x000001e62e450248] is not eligible for getting processed by all BeanPostProcessors (for example: not eligible for auto-proxying). Is this bean getting eagerly injected into a currently created BeanPostProcessor [lbRestClientPostProcessor]? Check the corresponding BeanPostProcessor declaration and its dependencies.
2025-05-20T19:40:56.199+03:00  WARN 18800 --- [auth-service] [           main] trationDelegate$BeanPostProcessorChecker : Bean 'defaultsBindHandlerAdvisor' of type [org.springframework.cloud.commons.config.DefaultsBindHandlerAdvisor] is not eligible for getting processed by all BeanPostProcessors (for example: not eligible for auto-proxying). Is this bean getting eagerly injected into a currently created BeanPostProcessor [lbRestClientPostProcessor]? Check the corresponding BeanPostProcessor declaration and its dependencies.
2025-05-20T19:40:56.249+03:00  WARN 18800 --- [auth-service] [           main] trationDelegate$BeanPostProcessorChecker : Bean 'spring.cloud.loadbalancer-org.springframework.cloud.client.loadbalancer.LoadBalancerClientsProperties' of type [org.springframework.cloud.client.loadbalancer.LoadBalancerClientsProperties] is not eligible for getting processed by all BeanPostProcessors (for example: not eligible for auto-proxying). Is this bean getting eagerly injected into a currently created BeanPostProcessor [lbRestClientPostProcessor]? Check the corresponding BeanPostProcessor declaration and its dependencies.
2025-05-20T19:40:56.271+03:00  WARN 18800 --- [auth-service] [           main] trationDelegate$BeanPostProcessorChecker : Bean 'default.org.springframework.cloud.loadbalancer.config.LoadBalancerAutoConfiguration.LoadBalancerClientSpecification' of type [org.springframework.cloud.loadbalancer.annotation.LoadBalancerClientSpecification] is not eligible for getting processed by all BeanPostProcessors (for example: not eligible for auto-proxying). Is this bean getting eagerly injected into a currently created BeanPostProcessor [lbRestClientPostProcessor]? Check the corresponding BeanPostProcessor declaration and its dependencies.
2025-05-20T19:40:56.273+03:00  WARN 18800 --- [auth-service] [           main] trationDelegate$BeanPostProcessorChecker : Bean 'default.org.springframework.cloud.loadbalancer.config.BlockingLoadBalancerClientAutoConfiguration.LoadBalancerClientSpecification' of type [org.springframework.cloud.loadbalancer.annotation.LoadBalancerClientSpecification] is not eligible for getting processed by all BeanPostProcessors (for example: not eligible for auto-proxying). Is this bean getting eagerly injected into a currently created BeanPostProcessor [lbRestClientPostProcessor]? Check the corresponding BeanPostProcessor declaration and its dependencies.
2025-05-20T19:40:56.276+03:00  WARN 18800 --- [auth-service] [           main] trationDelegate$BeanPostProcessorChecker : Bean 'default.org.springframework.cloud.netflix.eureka.loadbalancer.LoadBalancerEurekaAutoConfiguration.LoadBalancerClientSpecification' of type [org.springframework.cloud.loadbalancer.annotation.LoadBalancerClientSpecification] is not eligible for getting processed by all BeanPostProcessors (for example: not eligible for auto-proxying). Is this bean getting eagerly injected into a currently created BeanPostProcessor [lbRestClientPostProcessor]? Check the corresponding BeanPostProcessor declaration and its dependencies.
2025-05-20T19:40:56.278+03:00  WARN 18800 --- [auth-service] [           main] trationDelegate$BeanPostProcessorChecker : Bean 'loadBalancerClientFactory' of type [org.springframework.cloud.loadbalancer.support.LoadBalancerClientFactory] is not eligible for getting processed by all BeanPostProcessors (for example: not eligible for auto-proxying). Is this bean getting eagerly injected into a currently created BeanPostProcessor [lbRestClientPostProcessor]? Check the corresponding BeanPostProcessor declaration and its dependencies.
2025-05-20T19:40:56.288+03:00  WARN 18800 --- [auth-service] [           main] trationDelegate$BeanPostProcessorChecker : Bean 'blockingLoadBalancerClient' of type [org.springframework.cloud.loadbalancer.blocking.client.BlockingLoadBalancerClient] is not eligible for getting processed by all BeanPostProcessors (for example: not eligible for auto-proxying). Is this bean getting eagerly injected into a currently created BeanPostProcessor [lbRestClientPostProcessor]? Check the corresponding BeanPostProcessor declaration and its dependencies.
2025-05-20T19:40:56.312+03:00  WARN 18800 --- [auth-service] [           main] trationDelegate$BeanPostProcessorChecker : Bean 'loadBalancerServiceInstanceCookieTransformer' of type [org.springframework.cloud.loadbalancer.core.LoadBalancerServiceInstanceCookieTransformer] is not eligible for getting processed by all BeanPostProcessors (for example: not eligible for auto-proxying). Is this bean getting eagerly injected into a currently created BeanPostProcessor [lbRestClientPostProcessor]? Check the corresponding BeanPostProcessor declaration and its dependencies.
2025-05-20T19:40:56.317+03:00  WARN 18800 --- [auth-service] [           main] trationDelegate$BeanPostProcessorChecker : Bean 'xForwarderHeadersTransformer' of type [org.springframework.cloud.loadbalancer.blocking.XForwardedHeadersTransformer] is not eligible for getting processed by all BeanPostProcessors (for example: not eligible for auto-proxying). Is this bean getting eagerly injected into a currently created BeanPostProcessor [lbRestClientPostProcessor]? Check the corresponding BeanPostProcessor declaration and its dependencies.
2025-05-20T19:40:56.318+03:00  WARN 18800 --- [auth-service] [           main] trationDelegate$BeanPostProcessorChecker : Bean 'org.springframework.cloud.client.loadbalancer.LoadBalancerAutoConfiguration' of type [org.springframework.cloud.client.loadbalancer.LoadBalancerAutoConfiguration] is not eligible for getting processed by all BeanPostProcessors (for example: not eligible for auto-proxying). Is this bean getting eagerly injected into a currently created BeanPostProcessor [lbRestClientPostProcessor]? Check the corresponding BeanPostProcessor declaration and its dependencies.
2025-05-20T19:40:56.323+03:00  WARN 18800 --- [auth-service] [           main] trationDelegate$BeanPostProcessorChecker : Bean 'loadBalancerRequestFactory' of type [org.springframework.cloud.client.loadbalancer.LoadBalancerRequestFactory] is not eligible for getting processed by all BeanPostProcessors (for example: not eligible for auto-proxying). Is this bean getting eagerly injected into a currently created BeanPostProcessor [lbRestClientPostProcessor]? Check the corresponding BeanPostProcessor declaration and its dependencies.
2025-05-20T19:40:56.327+03:00  WARN 18800 --- [auth-service] [           main] trationDelegate$BeanPostProcessorChecker : Bean 'loadBalancerInterceptor' of type [org.springframework.cloud.client.loadbalancer.LoadBalancerInterceptor] is not eligible for getting processed by all BeanPostProcessors (for example: not eligible for auto-proxying). Is this bean getting eagerly injected into a currently created BeanPostProcessor [lbRestClientPostProcessor]? Check the corresponding BeanPostProcessor declaration and its dependencies.
2025-05-20T19:40:57.257+03:00  INFO 18800 --- [auth-service] [           main] o.s.b.w.embedded.tomcat.TomcatWebServer  : Tomcat initialized with port 8081 (http)
2025-05-20T19:40:57.340+03:00  INFO 18800 --- [auth-service] [           main] o.apache.catalina.core.StandardService   : Starting service [Tomcat]
2025-05-20T19:40:57.341+03:00  INFO 18800 --- [auth-service] [           main] o.apache.catalina.core.StandardEngine    : Starting Servlet engine: [Apache Tomcat/10.1.19]
2025-05-20T19:40:57.618+03:00  INFO 18800 --- [auth-service] [           main] o.a.c.c.C.[.[localhost].[/api/auth]      : Initializing Spring embedded WebApplicationContext
2025-05-20T19:40:57.621+03:00  INFO 18800 --- [auth-service] [           main] w.s.c.ServletWebServerApplicationContext : Root WebApplicationContext: initialization completed in 9232 ms
2025-05-20T19:40:57.985+03:00 DEBUG 18800 --- [auth-service] [           main] com.zaxxer.hikari.HikariConfig           : Driver class org.postgresql.Driver found in Thread context class loader jdk.internal.loader.ClassLoaders$AppClassLoader@73d16e93
2025-05-20T19:41:07.882+03:00  INFO 18800 --- [auth-service] [           main] o.hibernate.jpa.internal.util.LogHelper  : HHH000204: Processing PersistenceUnitInfo [name: default]
2025-05-20T19:41:08.233+03:00  INFO 18800 --- [auth-service] [           main] org.hibernate.Version                    : HHH000412: Hibernate ORM core version 6.4.4.Final
2025-05-20T19:41:08.422+03:00  INFO 18800 --- [auth-service] [           main] o.h.c.internal.RegionFactoryInitiator    : HHH000026: Second-level cache disabled
2025-05-20T19:41:09.840+03:00  INFO 18800 --- [auth-service] [           main] o.s.o.j.p.SpringPersistenceUnitInfo      : No LoadTimeWeaver setup: ignoring JPA class transformer
2025-05-20T19:41:09.983+03:00 DEBUG 18800 --- [auth-service] [           main] com.zaxxer.hikari.HikariConfig           : CelebrateHikariPool - configuration:
2025-05-20T19:41:09.990+03:00 DEBUG 18800 --- [auth-service] [           main] com.zaxxer.hikari.HikariConfig           : allowPoolSuspension.............false
2025-05-20T19:41:09.990+03:00 DEBUG 18800 --- [auth-service] [           main] com.zaxxer.hikari.HikariConfig           : autoCommit......................true
2025-05-20T19:41:09.991+03:00 DEBUG 18800 --- [auth-service] [           main] com.zaxxer.hikari.HikariConfig           : catalog.........................none
2025-05-20T19:41:09.991+03:00 DEBUG 18800 --- [auth-service] [           main] com.zaxxer.hikari.HikariConfig           : connectionInitSql...............none
2025-05-20T19:41:09.991+03:00 DEBUG 18800 --- [auth-service] [           main] com.zaxxer.hikari.HikariConfig           : connectionTestQuery.............none
2025-05-20T19:41:09.991+03:00 DEBUG 18800 --- [auth-service] [           main] com.zaxxer.hikari.HikariConfig           : connectionTimeout...............30000
2025-05-20T19:41:09.991+03:00 DEBUG 18800 --- [auth-service] [           main] com.zaxxer.hikari.HikariConfig           : dataSource......................none
2025-05-20T19:41:09.991+03:00 DEBUG 18800 --- [auth-service] [           main] com.zaxxer.hikari.HikariConfig           : dataSourceClassName.............none
2025-05-20T19:41:09.991+03:00 DEBUG 18800 --- [auth-service] [           main] com.zaxxer.hikari.HikariConfig           : dataSourceJNDI..................none
2025-05-20T19:41:09.992+03:00 DEBUG 18800 --- [auth-service] [           main] com.zaxxer.hikari.HikariConfig           : dataSourceProperties............{password=<masked>}
2025-05-20T19:41:09.992+03:00 DEBUG 18800 --- [auth-service] [           main] com.zaxxer.hikari.HikariConfig           : driverClassName................."org.postgresql.Driver"
2025-05-20T19:41:09.993+03:00 DEBUG 18800 --- [auth-service] [           main] com.zaxxer.hikari.HikariConfig           : exceptionOverrideClassName......none
2025-05-20T19:41:09.993+03:00 DEBUG 18800 --- [auth-service] [           main] com.zaxxer.hikari.HikariConfig           : healthCheckProperties...........{}
2025-05-20T19:41:09.994+03:00 DEBUG 18800 --- [auth-service] [           main] com.zaxxer.hikari.HikariConfig           : healthCheckRegistry.............none
2025-05-20T19:41:09.994+03:00 DEBUG 18800 --- [auth-service] [           main] com.zaxxer.hikari.HikariConfig           : idleTimeout.....................600000
2025-05-20T19:41:09.995+03:00 DEBUG 18800 --- [auth-service] [           main] com.zaxxer.hikari.HikariConfig           : initializationFailTimeout.......1
2025-05-20T19:41:09.996+03:00 DEBUG 18800 --- [auth-service] [           main] com.zaxxer.hikari.HikariConfig           : isolateInternalQueries..........false
2025-05-20T19:41:09.996+03:00 DEBUG 18800 --- [auth-service] [           main] com.zaxxer.hikari.HikariConfig           : jdbcUrl.........................jdbc:postgresql://localhost:5432/celebratedb
2025-05-20T19:41:09.996+03:00 DEBUG 18800 --- [auth-service] [           main] com.zaxxer.hikari.HikariConfig           : keepaliveTime...................0
2025-05-20T19:41:09.996+03:00 DEBUG 18800 --- [auth-service] [           main] com.zaxxer.hikari.HikariConfig           : leakDetectionThreshold..........60000
2025-05-20T19:41:09.996+03:00 DEBUG 18800 --- [auth-service] [           main] com.zaxxer.hikari.HikariConfig           : maxLifetime.....................1800000
2025-05-20T19:41:09.997+03:00 DEBUG 18800 --- [auth-service] [           main] com.zaxxer.hikari.HikariConfig           : maximumPoolSize.................5
2025-05-20T19:41:09.997+03:00 DEBUG 18800 --- [auth-service] [           main] com.zaxxer.hikari.HikariConfig           : metricRegistry..................none
2025-05-20T19:41:09.997+03:00 DEBUG 18800 --- [auth-service] [           main] com.zaxxer.hikari.HikariConfig           : metricsTrackerFactory...........none
2025-05-20T19:41:09.997+03:00 DEBUG 18800 --- [auth-service] [           main] com.zaxxer.hikari.HikariConfig           : minimumIdle.....................2
2025-05-20T19:41:09.997+03:00 DEBUG 18800 --- [auth-service] [           main] com.zaxxer.hikari.HikariConfig           : password........................<masked>
2025-05-20T19:41:09.997+03:00 DEBUG 18800 --- [auth-service] [           main] com.zaxxer.hikari.HikariConfig           : poolName........................"CelebrateHikariPool"
2025-05-20T19:41:09.998+03:00 DEBUG 18800 --- [auth-service] [           main] com.zaxxer.hikari.HikariConfig           : readOnly........................false
2025-05-20T19:41:09.998+03:00 DEBUG 18800 --- [auth-service] [           main] com.zaxxer.hikari.HikariConfig           : registerMbeans..................false
2025-05-20T19:41:09.998+03:00 DEBUG 18800 --- [auth-service] [           main] com.zaxxer.hikari.HikariConfig           : scheduledExecutor...............none
2025-05-20T19:41:09.998+03:00 DEBUG 18800 --- [auth-service] [           main] com.zaxxer.hikari.HikariConfig           : schema..........................none
2025-05-20T19:41:09.998+03:00 DEBUG 18800 --- [auth-service] [           main] com.zaxxer.hikari.HikariConfig           : threadFactory...................internal
2025-05-20T19:41:09.999+03:00 DEBUG 18800 --- [auth-service] [           main] com.zaxxer.hikari.HikariConfig           : transactionIsolation............default
2025-05-20T19:41:09.999+03:00 DEBUG 18800 --- [auth-service] [           main] com.zaxxer.hikari.HikariConfig           : username........................"postgres"
2025-05-20T19:41:09.999+03:00 DEBUG 18800 --- [auth-service] [           main] com.zaxxer.hikari.HikariConfig           : validationTimeout...............5000
2025-05-20T19:41:09.999+03:00  INFO 18800 --- [auth-service] [           main] com.zaxxer.hikari.HikariDataSource       : CelebrateHikariPool - Starting...
2025-05-20T19:41:10.105+03:00 DEBUG 18800 --- [auth-service] [           main] org.postgresql.Driver                    : Loading driver configuration via classloader jdk.internal.loader.ClassLoaders$AppClassLoader@73d16e93
2025-05-20T19:41:10.107+03:00 DEBUG 18800 --- [auth-service] [           main] org.postgresql.Driver                    : Connecting with URL: jdbc:postgresql://localhost:5432/celebratedb
2025-05-20T19:41:10.146+03:00 DEBUG 18800 --- [auth-service] [           main] org.postgresql.jdbc.PgConnection         : PostgreSQL JDBC Driver 42.6.1
2025-05-20T19:41:10.147+03:00 DEBUG 18800 --- [auth-service] [           main] org.postgresql.jdbc.PgConnection         :   setDefaultFetchSize = 0
2025-05-20T19:41:10.148+03:00 DEBUG 18800 --- [auth-service] [           main] org.postgresql.jdbc.PgConnection         :   setPrepareThreshold = 5
2025-05-20T19:41:10.220+03:00 DEBUG 18800 --- [auth-service] [           main] o.p.core.v3.ConnectionFactoryImpl        : Trying to establish a protocol version 3 connection to localhost:5432
2025-05-20T19:41:10.239+03:00 DEBUG 18800 --- [auth-service] [           main] o.p.core.v3.ConnectionFactoryImpl        : Receive Buffer Size is 65,536
2025-05-20T19:41:10.240+03:00 DEBUG 18800 --- [auth-service] [           main] o.p.core.v3.ConnectionFactoryImpl        : Send Buffer Size is 65,536
2025-05-20T19:41:10.690+03:00  INFO 18800 --- [auth-service] [           main] com.zaxxer.hikari.pool.HikariPool        : CelebrateHikariPool - Added connection org.postgresql.jdbc.PgConnection@4a6facb0
2025-05-20T19:41:10.696+03:00  INFO 18800 --- [auth-service] [           main] com.zaxxer.hikari.HikariDataSource       : CelebrateHikariPool - Start completed.
2025-05-20T19:41:10.880+03:00  WARN 18800 --- [auth-service] [           main] org.hibernate.orm.deprecation            : HHH90000025: PostgreSQLDialect does not need to be specified explicitly using 'hibernate.dialect' (remove the property setting and it will be selected by default)
2025-05-20T19:41:10.914+03:00 DEBUG 18800 --- [auth-service] [ool housekeeper] com.zaxxer.hikari.pool.HikariPool        : CelebrateHikariPool - Before cleanup stats (total=1, active=1, idle=0, waiting=0)
2025-05-20T19:41:10.997+03:00 DEBUG 18800 --- [auth-service] [ool housekeeper] com.zaxxer.hikari.pool.HikariPool        : CelebrateHikariPool - After cleanup  stats (total=1, active=0, idle=1, waiting=0)
2025-05-20T19:41:11.002+03:00 DEBUG 18800 --- [auth-service] [onnection adder] org.postgresql.Driver                    : Connecting with URL: jdbc:postgresql://localhost:5432/celebratedb
2025-05-20T19:41:11.003+03:00 DEBUG 18800 --- [auth-service] [onnection adder] org.postgresql.jdbc.PgConnection         : PostgreSQL JDBC Driver 42.6.1
2025-05-20T19:41:11.004+03:00 DEBUG 18800 --- [auth-service] [onnection adder] org.postgresql.jdbc.PgConnection         :   setDefaultFetchSize = 0
2025-05-20T19:41:11.006+03:00 DEBUG 18800 --- [auth-service] [onnection adder] org.postgresql.jdbc.PgConnection         :   setPrepareThreshold = 5
2025-05-20T19:41:11.015+03:00 DEBUG 18800 --- [auth-service] [onnection adder] o.p.core.v3.ConnectionFactoryImpl        : Trying to establish a protocol version 3 connection to localhost:5432
2025-05-20T19:41:11.046+03:00 DEBUG 18800 --- [auth-service] [onnection adder] o.p.core.v3.ConnectionFactoryImpl        : Receive Buffer Size is 65,536
2025-05-20T19:41:11.047+03:00 DEBUG 18800 --- [auth-service] [onnection adder] o.p.core.v3.ConnectionFactoryImpl        : Send Buffer Size is 65,536
2025-05-20T19:41:11.636+03:00 DEBUG 18800 --- [auth-service] [onnection adder] com.zaxxer.hikari.pool.HikariPool        : CelebrateHikariPool - Added connection org.postgresql.jdbc.PgConnection@69a3e2d3
2025-05-20T19:41:11.655+03:00 DEBUG 18800 --- [auth-service] [onnection adder] com.zaxxer.hikari.pool.HikariPool        : CelebrateHikariPool - After adding stats (total=2, active=0, idle=2, waiting=0)
2025-05-20T19:41:19.111+03:00  INFO 18800 --- [auth-service] [           main] o.h.e.t.j.p.i.JtaPlatformInitiator       : HHH000489: No JTA platform available (set 'hibernate.transaction.jta.platform' to enable JTA platform integration)
2025-05-20T19:41:19.316+03:00  INFO 18800 --- [auth-service] [           main] j.LocalContainerEntityManagerFactoryBean : Initialized JPA EntityManagerFactory for persistence unit 'default'
2025-05-20T19:41:21.115+03:00  INFO 18800 --- [auth-service] [           main] o.s.d.j.r.query.QueryEnhancerFactory     : Hibernate is in classpath; If applicable, HQL parser will be used.
2025-05-20T19:41:23.547+03:00  WARN 18800 --- [auth-service] [           main] .s.s.UserDetailsServiceAutoConfiguration : 

Using generated security password: 62fc5a4e-cd98-4b1e-a30e-8df317d3c7a4

This generated password is for development use only. Your security configuration must be updated before running your application in production.

2025-05-20T19:41:24.253+03:00 DEBUG 18800 --- [auth-service] [           main] s.w.s.m.m.a.RequestMappingHandlerMapping : 4 mappings in 'requestMappingHandlerMapping'
2025-05-20T19:41:24.721+03:00 DEBUG 18800 --- [auth-service] [           main] o.s.w.s.handler.SimpleUrlHandlerMapping  : Patterns [/webjars/**, /**] in 'resourceHandlerMapping'
2025-05-20T19:41:24.898+03:00  INFO 18800 --- [auth-service] [           main] o.s.s.web.DefaultSecurityFilterChain     : Will secure any request with [org.springframework.security.web.session.DisableEncodeUrlFilter@1802badc, org.springframework.security.web.context.request.async.WebAsyncManagerIntegrationFilter@3a089620, org.springframework.security.web.context.SecurityContextHolderFilter@60035f1e, org.springframework.security.web.header.HeaderWriterFilter@6dd0e2f4, org.springframework.web.filter.CorsFilter@2cbb9702, org.springframework.security.web.authentication.logout.LogoutFilter@353aadd7, org.springframework.security.web.savedrequest.RequestCacheAwareFilter@732ffb6a, org.springframework.security.web.servletapi.SecurityContextHolderAwareRequestFilter@5ed83e36, org.springframework.security.web.authentication.AnonymousAuthenticationFilter@10fef6da, org.springframework.security.web.session.SessionManagementFilter@292237cd, org.springframework.security.web.access.ExceptionTranslationFilter@453ca7f, org.springframework.security.web.access.intercept.AuthorizationFilter@3cd3cf6b]
2025-05-20T19:41:25.135+03:00 DEBUG 18800 --- [auth-service] [           main] s.w.s.m.m.a.RequestMappingHandlerAdapter : ControllerAdvice beans: 0 @ModelAttribute, 0 @InitBinder, 1 RequestBodyAdvice, 1 ResponseBodyAdvice
2025-05-20T19:41:25.272+03:00 DEBUG 18800 --- [auth-service] [           main] .m.m.a.ExceptionHandlerExceptionResolver : ControllerAdvice beans: 0 @ExceptionHandler, 1 ResponseBodyAdvice
2025-05-20T19:41:28.108+03:00  INFO 18800 --- [auth-service] [           main] o.s.cloud.commons.util.InetUtils         : Cannot determine local hostname
2025-05-20T19:41:28.234+03:00  INFO 18800 --- [auth-service] [           main] DiscoveryClientOptionalArgsConfiguration : Eureka HTTP Client uses RestTemplate.
2025-05-20T19:41:30.798+03:00  INFO 18800 --- [auth-service] [           main] o.s.cloud.commons.util.InetUtils         : Cannot determine local hostname
2025-05-20T19:41:30.965+03:00  WARN 18800 --- [auth-service] [           main] iguration$LoadBalancerCaffeineWarnLogger : Spring Cloud LoadBalancer is currently working with the default cache. While this cache implementation is useful for development and tests, it's recommended to use Caffeine cache in production.You can switch to using Caffeine cache, by adding it and org.springframework.cache.caffeine.CaffeineCacheManager to the classpath.
2025-05-20T19:41:31.053+03:00  INFO 18800 --- [auth-service] [           main] o.s.c.n.eureka.InstanceInfoFactory       : Setting initial instance status as: STARTING
2025-05-20T19:41:31.562+03:00  INFO 18800 --- [auth-service] [           main] com.netflix.discovery.DiscoveryClient    : Initializing Eureka in region us-east-1
2025-05-20T19:41:31.618+03:00  INFO 18800 --- [auth-service] [           main] c.n.d.s.r.aws.ConfigClusterResolver      : Resolving eureka endpoints via configuration
2025-05-20T19:41:31.730+03:00  INFO 18800 --- [auth-service] [           main] com.netflix.discovery.DiscoveryClient    : Disable delta property : false
2025-05-20T19:41:31.732+03:00  INFO 18800 --- [auth-service] [           main] com.netflix.discovery.DiscoveryClient    : Single vip registry refresh property : null
2025-05-20T19:41:31.733+03:00  INFO 18800 --- [auth-service] [           main] com.netflix.discovery.DiscoveryClient    : Force full registry fetch : false
2025-05-20T19:41:31.734+03:00  INFO 18800 --- [auth-service] [           main] com.netflix.discovery.DiscoveryClient    : Application is null : false
2025-05-20T19:41:31.734+03:00  INFO 18800 --- [auth-service] [           main] com.netflix.discovery.DiscoveryClient    : Registered Applications size is zero : true
2025-05-20T19:41:31.734+03:00  INFO 18800 --- [auth-service] [           main] com.netflix.discovery.DiscoveryClient    : Application version is -1: true
2025-05-20T19:41:31.734+03:00  INFO 18800 --- [auth-service] [           main] com.netflix.discovery.DiscoveryClient    : Getting all instance registry info from the eureka server
2025-05-20T19:41:32.478+03:00 DEBUG 18800 --- [auth-service] [           main] o.s.web.client.RestTemplate              : HTTP GET http://localhost:8761/eureka/apps/
2025-05-20T19:41:32.858+03:00 DEBUG 18800 --- [auth-service] [           main] o.s.web.client.RestTemplate              : Accept=[application/json, application/*+json]
2025-05-20T19:41:33.550+03:00 DEBUG 18800 --- [auth-service] [           main] o.s.web.client.RestTemplate              : Response 200 OK
2025-05-20T19:41:33.552+03:00 DEBUG 18800 --- [auth-service] [           main] o.s.web.client.RestTemplate              : Reading to [org.springframework.cloud.netflix.eureka.http.EurekaApplications]
2025-05-20T19:41:33.577+03:00  INFO 18800 --- [auth-service] [           main] com.netflix.discovery.DiscoveryClient    : The response status is 200
2025-05-20T19:41:33.582+03:00  INFO 18800 --- [auth-service] [           main] com.netflix.discovery.DiscoveryClient    : Starting heartbeat executor: renew interval is: 30
2025-05-20T19:41:33.589+03:00  INFO 18800 --- [auth-service] [           main] c.n.discovery.InstanceInfoReplicator     : InstanceInfoReplicator onDemand update allowed rate per min is 4
2025-05-20T19:41:33.598+03:00  INFO 18800 --- [auth-service] [           main] com.netflix.discovery.DiscoveryClient    : Discovery Client initialized at timestamp 1747759293598 with initial instances count: 0
2025-05-20T19:41:33.603+03:00  INFO 18800 --- [auth-service] [           main] o.s.c.n.e.s.EurekaServiceRegistry        : Registering application AUTH-SERVICE with eureka with status UP
2025-05-20T19:41:33.627+03:00  INFO 18800 --- [auth-service] [           main] com.netflix.discovery.DiscoveryClient    : Saw local status change event StatusChangeEvent [timestamp=1747759293627, current=UP, previous=STARTING]
2025-05-20T19:41:33.632+03:00  INFO 18800 --- [auth-service] [nfoReplicator-0] com.netflix.discovery.DiscoveryClient    : DiscoveryClient_AUTH-SERVICE/localhost:auth-service:8081: registering service...
2025-05-20T19:41:33.661+03:00 DEBUG 18800 --- [auth-service] [nfoReplicator-0] o.s.web.client.RestTemplate              : HTTP POST http://localhost:8761/eureka/apps/AUTH-SERVICE
2025-05-20T19:41:33.667+03:00 DEBUG 18800 --- [auth-service] [nfoReplicator-0] o.s.web.client.RestTemplate              : Accept=[application/json, application/*+json]
2025-05-20T19:41:33.767+03:00 DEBUG 18800 --- [auth-service] [nfoReplicator-0] o.s.web.client.RestTemplate              : Writing [InstanceInfo [instanceId = localhost:auth-service:8081, appName = AUTH-SERVICE, hostName = 192.168.56.1, status = UP, ipAddr = 192.168.56.1, port = 8081, securePort = 443, dataCenterInfo = com.netflix.appinfo.MyDataCenterInfo@7ce87db5] as "application/json"
2025-05-20T19:41:33.785+03:00  INFO 18800 --- [auth-service] [           main] o.s.b.w.embedded.tomcat.TomcatWebServer  : Tomcat started on port 8081 (http) with context path '/api/auth'
2025-05-20T19:41:33.797+03:00  INFO 18800 --- [auth-service] [           main] .s.c.n.e.s.EurekaAutoServiceRegistration : Updating port to 8081
2025-05-20T19:41:34.085+03:00 DEBUG 18800 --- [auth-service] [nfoReplicator-0] o.s.web.client.RestTemplate              : Response 204 NO_CONTENT
2025-05-20T19:41:34.086+03:00  INFO 18800 --- [auth-service] [nfoReplicator-0] com.netflix.discovery.DiscoveryClient    : DiscoveryClient_AUTH-SERVICE/localhost:auth-service:8081 - registration status: 204
2025-05-20T19:41:35.874+03:00  INFO 18800 --- [auth-service] [           main] o.s.cloud.commons.util.InetUtils         : Cannot determine local hostname
2025-05-20T19:41:35.900+03:00  INFO 18800 --- [auth-service] [           main] com.celebrating.auth.AuthApplication     : Started AuthApplication in 60.541 seconds (process running for 62.849)
2025-05-20T19:41:41.058+03:00 DEBUG 18800 --- [auth-service] [ool housekeeper] com.zaxxer.hikari.pool.HikariPool        : CelebrateHikariPool - Before cleanup stats (total=2, active=0, idle=2, waiting=0)
2025-05-20T19:41:41.058+03:00 DEBUG 18800 --- [auth-service] [ool housekeeper] com.zaxxer.hikari.pool.HikariPool        : CelebrateHikariPool - After cleanup  stats (total=2, active=0, idle=2, waiting=0)
2025-05-20T19:41:41.058+03:00 DEBUG 18800 --- [auth-service] [ool housekeeper] com.zaxxer.hikari.pool.HikariPool        : CelebrateHikariPool - Fill pool skipped, pool has sufficient level or currently being filled (queueDepth=0).
